<?xml version="1.0" encoding="UTF-8"?>
<!-- Generated by org.testng.reporters.JUnitXMLReporter -->
<testsuite ignored="0" hostname="Muthukumar" failures="0" tests="3" name="Test" time="20.08" errors="0" timestamp="06 Nov 2022 09:18:54 GMT">
  <testcase classname="com.LearnSequentialExecution.TestNg.LaunchBrowser" name="chromeBrowserLaunch2" time="8.974"/>
  <testcase classname="com.LearnSequentialExecution.TestNg.BrowserLaunchTwo" name="chromeBrowserLaunch" time="10.817"/>
  <testcase classname="com.LearnSequentialExecution.TestNg.BrowserLaunchTwo" name="chromeBrowserLaunch" time="11.048"/>
</testsuite> <!-- Test -->
